Filename                                                             Regions    Missed Regions     Cover   Functions  Missed Functions  Executed       Lines      Missed Lines     Cover    Branches   Missed Branches     Cover
--------------------------------------------------------------------------------------------------------------------------------------------------------------------------------------------------------------------------------
apps/cli_archive/main.cpp                                                 22                16    27.27%           7                 5    28.57%         183               162    11.48%           4                 4     0.00%
apps/cli_gen/src/cli_input.cpp                                            25                 2    92.00%           7                 0   100.00%          74                 6    91.89%          16                 4    75.00%
apps/cli_gen/src/cpp_cli.cpp                                              10                 0   100.00%           7                 0   100.00%         100                 0   100.00%           6                 0   100.00%
apps/cli_gen/src/io.cpp                                                   23                 1    95.65%           3                 0   100.00%          38                 7    81.58%          12                 2    83.33%
apps/cli_gen/src/json_cli.cpp                                             16                 3    81.25%          13                 2    84.62%         149                19    87.25%           6                 2    66.67%
apps/cli_gen/src/main.cpp                                                 19                 6    68.42%           2                 0   100.00%          49                 9    81.63%           4                 2    50.00%
apps/cli_gen/src/mkdocs_cli.cpp                                            6                 4    33.33%           5                 3    40.00%          49                19    61.22%           2                 2     0.00%
apps/cli_gen/src/plantuml_cli.cpp                                         17                15    11.76%           7                 5    28.57%          67                33    50.75%           8                 8     0.00%
apps/cli_gen/src/python_cli.cpp                                           18                17     5.56%           4                 3    25.00%          68                33    51.47%           9                 9     0.00%
apps/cli_gen/src/typescript_cli.cpp                                        5                 0   100.00%           3                 0   100.00%          36                 0   100.00%           4                 0   100.00%
apps/cli_package/init_component.cpp                                       29                 0   100.00%           4                 0   100.00%          74                 0   100.00%          20                 0   100.00%
apps/cli_package/init_package.cpp                                         13                 0   100.00%           8                 0   100.00%          80                 0   100.00%           4                 1    75.00%
apps/cli_package/main.cpp                                                 11                 5    54.55%           2                 0   100.00%          24                 5    79.17%           0                 0         -
apps/cli_package/util.cpp                                                  1                 0   100.00%           1                 0   100.00%           5                 0   100.00%           0                 0         -
apps/cli_remote_shell/main.cpp                                            16                10    37.50%           3                 1    66.67%          45                13    71.11%           2                 2     0.00%
apps/cli_run/browser_open.cpp                                             27                27     0.00%           3                 3     0.00%          51                51     0.00%          16                16     0.00%
apps/cli_run/main.cpp                                                    117                59    49.57%          15                 2    86.67%         287               123    57.14%          56                40    28.57%
apps/cli_sen/main.cpp                                                     41                21    48.78%          13                 5    61.54%         189                50    73.54%          12                 7    41.67%
components/shell/src/terminal_lib/posix_terminal.cpp                     251               167    33.47%          55                26    52.73%         388               296    23.71%         173               160     7.51%
components/shell/src/terminal_lib/remote_terminal_client.cpp              47                47     0.00%          28                28     0.00%         182               182     0.00%          15                15     0.00%
components/shell/src/terminal_lib/remote_terminal_client.h                 1                 1     0.00%           1                 1     0.00%           1                 1     0.00%           0                 0         -
components/shell/src/terminal_lib/terminal.h                              13                 7    46.15%          11                 7    36.36%          37                21    43.24%           0                 0         -
components/shell/src/terminal_lib/util.h                                  13                 2    84.62%           3                 0   100.00%          30                 6    80.00%           6                 3    50.00%
components/shell/src/terminal_lib/vterm.h                                 45                20    55.56%          23                 8    65.22%          99                43    56.57%          14                 9    35.71%
libs/core/include/sen/core/base/checked_conversions.h                     24                 8    66.67%           5                 1    80.00%          34                 4    88.24%           6                 0   100.00%
libs/core/include/sen/core/base/compiler_macros.h                          6                 0   100.00%           6                 0   100.00%           6                 0   100.00%           0                 0         -
libs/core/include/sen/core/base/detail/assert_impl.h                       5                 1    80.00%           2                 1    50.00%           4                 1    75.00%           0                 0         -
libs/core/include/sen/core/base/detail/move_only_function_impl.h          24                 1    95.83%           8                 0   100.00%          33                 3    90.91%           7                 1    85.71%
libs/core/include/sen/core/base/duration.h                                 6                 0   100.00%           6                 0   100.00%          19                 0   100.00%           0                 0         -
libs/core/include/sen/core/base/hash32.h                                  19                 0   100.00%          15                 0   100.00%          58                 0   100.00%           4                 0   100.00%
libs/core/include/sen/core/base/integer_compare.h                          6                 0   100.00%           2                 0   100.00%           8                 0   100.00%           4                 0   100.00%
libs/core/include/sen/core/base/iterator_adapters.h                       20                 0   100.00%          13                 0   100.00%          32                 0   100.00%           0                 0         -
libs/core/include/sen/core/base/memory_block.h                            61                 1    98.36%          33                 0   100.00%          87                 3    96.55%           8                 1    87.50%
libs/core/include/sen/core/base/move_only_function.h                      22                 4    81.82%          14                 4    71.43%          70                22    68.57%           2                 0   100.00%
libs/core/include/sen/core/base/mutex_utils.h                             20                 1    95.00%          11                 0   100.00%          34                 1    97.06%           0                 0         -
libs/core/include/sen/core/base/quantity.h                                18                 4    77.78%           7                 2    71.43%          37                10    72.97%           6                 2    66.67%
libs/core/include/sen/core/base/result.h                                  40                 0   100.00%          30                 0   100.00%          55                 0   100.00%           0                 0         -
libs/core/include/sen/core/base/scope_guard.h                              4                 0   100.00%           3                 0   100.00%           5                 0   100.00%           0                 0         -
libs/core/include/sen/core/base/span.h                                    45                 1    97.78%          21                 1    95.24%          47                 3    93.62%           4                 0   100.00%
libs/core/include/sen/core/base/static_vector.h                          154                 8    94.81%          34                 2    94.12%         205                61    70.24%          26                 8    69.23%
libs/core/include/sen/core/base/strong_type.h                             19                 0   100.00%          18                 0   100.00%          42                 0   100.00%           0                 0         -
libs/core/include/sen/core/base/timestamp.h                               12                 0   100.00%          11                 0   100.00%          14                 0   100.00%           0                 0         -
libs/core/include/sen/core/base/u8string_util.h                            1                 0   100.00%           1                 0   100.00%           1                 0   100.00%           0                 0         -
libs/core/include/sen/core/base/uuid.h                                    20                 2    90.00%          10                 2    80.00%          67                39    41.79%           0                 0         -
libs/core/include/sen/core/io/buffer_writer.h                             19                 0   100.00%          10                 0   100.00%          23                 0   100.00%           0                 0         -
libs/core/include/sen/core/io/detail/endianness.h                          1                 0   100.00%           1                 0   100.00%           2                 0   100.00%           0                 0         -
libs/core/include/sen/core/io/detail/serialization_traits.h                7                 0   100.00%           4                 0   100.00%          21                 0   100.00%           2                 0   100.00%
libs/core/include/sen/core/io/input_stream.h                              21                 0   100.00%          17                 0   100.00%          47                 0   100.00%           2                 0   100.00%
libs/core/include/sen/core/io/output_stream.h                             22                 0   100.00%          15                 0   100.00%          28                 0   100.00%           4                 0   100.00%
libs/core/include/sen/core/io/util.h                                      37                 1    97.30%          15                 0   100.00%         126                 4    96.83%          20                 2    90.00%
libs/core/include/sen/core/lang/fom_parser.h                               1                 0   100.00%           1                 0   100.00%           4                 0   100.00%           0                 0         -
libs/core/include/sen/core/lang/stl_parser.h                               2                 0   100.00%           1                 0   100.00%           1                 0   100.00%           0                 0         -
libs/core/include/sen/core/lang/stl_resolver.h                            10                 3    70.00%          10                 3    70.00%          12                 3    75.00%           0                 0         -
libs/core/include/sen/core/lang/stl_scanner.h                              1                 0   100.00%           1                 0   100.00%           1                 0   100.00%           0                 0         -
libs/core/include/sen/core/lang/stl_token.h                               10                 0   100.00%           6                 0   100.00%           8                 0   100.00%           0                 0         -
libs/core/include/sen/core/lang/vm.h                                       6                 0   100.00%           6                 0   100.00%          10                 0   100.00%           0                 0         -
libs/core/include/sen/core/meta/alias_type.h                              14                 0   100.00%           4                 0   100.00%          14                 0   100.00%           8                 0   100.00%
libs/core/include/sen/core/meta/basic_traits.h                             3                 0   100.00%           3                 0   100.00%           3                 0   100.00%           0                 0         -
libs/core/include/sen/core/meta/callable.h                                30                 0   100.00%           8                 0   100.00%          38                 0   100.00%          22                 0   100.00%
libs/core/include/sen/core/meta/class_type.h                               9                 0   100.00%           2                 0   100.00%          23                 0   100.00%          10                 0   100.00%
libs/core/include/sen/core/meta/custom_type.h                              1                 0   100.00%           1                 0   100.00%           1                 0   100.00%           0                 0         -
libs/core/include/sen/core/meta/detail/native_types_impl.h                38                 0   100.00%          29                 0   100.00%          41                 0   100.00%           0                 0         -
libs/core/include/sen/core/meta/detail/type_impl.h                         3                 0   100.00%           2                 0   100.00%           2                 0   100.00%           0                 0         -
libs/core/include/sen/core/meta/enum_traits.h                              5                 0   100.00%           5                 0   100.00%           5                 0   100.00%           0                 0         -
libs/core/include/sen/core/meta/enum_type.h                               28                 0   100.00%           6                 0   100.00%          25                 0   100.00%          22                 1    95.45%
libs/core/include/sen/core/meta/event.h                                    2                 0   100.00%           2                 0   100.00%           2                 0   100.00%           0                 0         -
libs/core/include/sen/core/meta/method.h                                  17                 0   100.00%           5                 0   100.00%          17                 0   100.00%           8                 0   100.00%
libs/core/include/sen/core/meta/native_types.h                            13                 0   100.00%          12                 0   100.00%          12                 0   100.00%           0                 0         -
libs/core/include/sen/core/meta/optional_traits.h                         22                 8    63.64%           5                 1    80.00%          53                12    77.36%          14                 6    57.14%
libs/core/include/sen/core/meta/optional_type.h                           14                 0   100.00%           4                 0   100.00%          14                 0   100.00%           8                 0   100.00%
libs/core/include/sen/core/meta/property.h                                24                 0   100.00%           4                 0   100.00%          23                 0   100.00%          16                 0   100.00%
libs/core/include/sen/core/meta/quantity_type.h                           42                 0   100.00%           4                 0   100.00%          25                 0   100.00%          26                 1    96.15%
libs/core/include/sen/core/meta/sequence_traits.h                          5                 0   100.00%           5                 0   100.00%           5                 0   100.00%           0                 0         -
libs/core/include/sen/core/meta/sequence_type.h                           23                 0   100.00%           4                 0   100.00%          21                 0   100.00%          14                 0   100.00%
libs/core/include/sen/core/meta/struct_traits.h                           16                 0   100.00%           6                 0   100.00%          60                 0   100.00%           8                 0   100.00%
libs/core/include/sen/core/meta/struct_type.h                             31                 0   100.00%           7                 0   100.00%          30                 0   100.00%          20                 0   100.00%
libs/core/include/sen/core/meta/time_types.h                              21                 0   100.00%          16                 0   100.00%          41                 0   100.00%           4                 1    75.00%
libs/core/include/sen/core/meta/type.h                                    63                 2    96.83%          25                 0   100.00%          77                 2    97.40%          16                 4    75.00%
libs/core/include/sen/core/meta/type_registry.h                            2                 0   100.00%           2                 0   100.00%           2                 0   100.00%           0                 0         -
libs/core/include/sen/core/meta/type_visitor.h                             4                 0   100.00%           4                 0   100.00%           4                 0   100.00%           0                 0         -
libs/core/include/sen/core/meta/unit.h                                    15                 0   100.00%           3                 0   100.00%           8                 0   100.00%          14                 3    78.57%
libs/core/include/sen/core/meta/unit_registry.h                            1                 0   100.00%           1                 0   100.00%           1                 0   100.00%           0                 0         -
libs/core/include/sen/core/meta/var.h                                     25                 0   100.00%          15                 0   100.00%          52                 0   100.00%           4                 0   100.00%
libs/core/include/sen/core/meta/variant_traits.h                          33                10    69.70%           7                 1    85.71%          72                21    70.83%          20                10    50.00%
libs/core/include/sen/core/meta/variant_type.h                            29                 0   100.00%           6                 0   100.00%          23                 0   100.00%          19                 1    94.74%
libs/core/include/sen/core/obj/callback.h                                 25                 3    88.00%          13                 1    92.31%          23                 1    95.65%          10                 0   100.00%
libs/core/include/sen/core/obj/detail/event_buffer.h                      31                 3    90.32%          19                 2    89.47%         116                74    36.21%           6                 2    66.67%
libs/core/include/sen/core/obj/detail/gen.h                               11                 6    45.45%          11                 6    45.45%          13                 8    38.46%           0                 0         -
libs/core/include/sen/core/obj/detail/native_object_impl.h                20                 5    75.00%          12                 3    75.00%          76                37    51.32%           8                 3    62.50%
libs/core/include/sen/core/obj/detail/native_object_proxy.h                1                 0   100.00%           1                 0   100.00%           1                 0   100.00%           0                 0         -
libs/core/include/sen/core/obj/detail/property_flags.h                    43                18    58.14%           9                 2    77.78%          72                40    44.44%          22                10    54.55%
libs/core/include/sen/core/obj/detail/proxy_object.h                       4                 0   100.00%           4                 0   100.00%           4                 0   100.00%           0                 0         -
libs/core/include/sen/core/obj/detail/remote_object.h                     89                27    69.66%          16                 5    68.75%         241               120    50.21%          52                17    67.31%
libs/core/include/sen/core/obj/interest.h                                  1                 0   100.00%           1                 0   100.00%           1                 0   100.00%           0                 0         -
libs/core/include/sen/core/obj/native_object.h                            36                18    50.00%          19                 6    68.42%         135                68    49.63%          12                10    16.67%
libs/core/include/sen/core/obj/object.h                                    6                 0   100.00%           6                 0   100.00%           6                 0   100.00%           0                 0         -
libs/core/include/sen/core/obj/object_filter.h                             2                 0   100.00%           2                 0   100.00%           2                 0   100.00%           0                 0         -
libs/core/include/sen/core/obj/object_list.h                              42                 2    95.24%          14                 0   100.00%          99                12    87.88%          26                 3    88.46%
libs/core/include/sen/core/obj/object_mux.h                                1                 0   100.00%           1                 0   100.00%           1                 0   100.00%           0                 0         -
libs/core/include/sen/core/obj/object_provider.h                          22                 3    86.36%           7                 0   100.00%          30                 2    93.33%          10                 3    70.00%
libs/core/include/sen/core/obj/object_source.h                             7                 0   100.00%           6                 0   100.00%          12                 0   100.00%           0                 0         -
libs/core/include/sen/core/obj/subscription.h                             15                 1    93.33%           7                 1    85.71%          39                 1    97.44%           8                 1    87.50%
libs/core/src/base/assert.cpp                                             42                28    33.33%          10                 2    80.00%          98                53    45.92%          12                 3    75.00%
libs/core/src/base/checked_conversions.cpp                                 7                 0   100.00%           1                 0   100.00%           1                 0   100.00%           0                 0         -
libs/core/src/base/hash32.cpp                                            492               111    77.44%          22                 1    95.45%         500                87    82.60%         271                68    74.91%
libs/core/src/base/memory_block.cpp                                        8                 0   100.00%           2                 0   100.00%          24                 0   100.00%           4                 0   100.00%
libs/core/src/base/result_impl.cpp                                        17                 8    52.94%           1                 0   100.00%          12                 8    33.33%           6                 5    16.67%
libs/core/src/base/timestamp.cpp                                          16                 0   100.00%           6                 0   100.00%          61                 0   100.00%           8                 0   100.00%
libs/core/src/base/uuid.cpp                                               95                 1    98.95%           6                 0   100.00%         124                 1    99.19%          72                 6    91.67%
libs/core/src/io/input_stream.cpp                                         12                 0   100.00%           2                 0   100.00%          23                 0   100.00%           6                 0   100.00%
libs/core/src/io/util.cpp                                                409                75    81.66%         136                 9    93.38%         929                82    91.17%         197                36    81.73%
libs/core/src/lang/error_reporter.cpp                                     19                 0   100.00%           3                 0   100.00%          41                 0   100.00%          12                 0   100.00%
libs/core/src/lang/fom_document_set.cpp                                  572                83    85.49%          80                 2    97.50%        1472               281    80.91%         482               121    74.90%
libs/core/src/lang/fom_document_set.h                                      4                 1    75.00%           4                 1    75.00%           4                 1    75.00%           0                 0         -
libs/core/src/lang/fom_parser.cpp                                          9                 1    88.89%           6                 1    83.33%          21                 1    95.24%           2                 0   100.00%
libs/core/src/lang/stl_parser.cpp                                        426                15    96.48%          55                 0   100.00%        1003                39    96.11%         351                45    87.18%
libs/core/src/lang/stl_resolver.cpp                                      347                34    90.20%          59                 2    96.61%         913               107    88.28%         292                56    80.82%
libs/core/src/lang/stl_scanner.cpp                                       163                 7    95.71%          20                 0   100.00%         395                31    92.15%         152                19    87.50%
libs/core/src/lang/stl_token.cpp                                         236                 1    99.58%           4                 0   100.00%         360                 1    99.72%         232                 1    99.57%
libs/core/src/lang/string_utils.cpp                                       35                 0   100.00%           4                 0   100.00%          74                 0   100.00%          26                 0   100.00%
libs/core/src/lang/vm.cpp                                               1095               741    32.33%          79                14    82.28%         654                79    87.92%         608               384    36.84%
libs/core/src/meta/alias_type.cpp                                         14                 0   100.00%           8                 0   100.00%          17                 0   100.00%           6                 0   100.00%
libs/core/src/meta/callable.cpp                                           35                 1    97.14%          12                 0   100.00%          57                 2    96.49%          20                 1    95.00%
libs/core/src/meta/class_type.cpp                                        256                 9    96.48%          51                 1    98.04%         544                17    96.88%         204                11    94.61%
libs/core/src/meta/custom_type.cpp                                         2                 0   100.00%           1                 0   100.00%           1                 0   100.00%           0                 0         -
libs/core/src/meta/enum_type.cpp                                          41                 0   100.00%          11                 0   100.00%          83                 0   100.00%          26                 0   100.00%
libs/core/src/meta/event.cpp                                              15                 0   100.00%           8                 0   100.00%          19                 0   100.00%           8                 0   100.00%
libs/core/src/meta/method.cpp                                             26                 2    92.31%          11                 1    90.91%          29                 4    86.21%           8                 4    50.00%
libs/core/src/meta/native_types.cpp                                       10                 0   100.00%           6                 0   100.00%          26                 0   100.00%           0                 0         -
libs/core/src/meta/optional_type.cpp                                      14                 0   100.00%           8                 0   100.00%          17                 0   100.00%           6                 0   100.00%
libs/core/src/meta/property.cpp                                           29                 0   100.00%          22                 0   100.00%          80                 0   100.00%           6                 0   100.00%
libs/core/src/meta/quantity_type.cpp                                      54                 3    94.44%          28                 2    92.86%          72                 7    90.28%          22                 2    90.91%
libs/core/src/meta/sequence_type.cpp                                      16                 0   100.00%          10                 0   100.00%          19                 0   100.00%           6                 0   100.00%
libs/core/src/meta/struct_type.cpp                                        51                 0   100.00%          14                 0   100.00%         106                 0   100.00%          36                 0   100.00%
libs/core/src/meta/time_types.cpp                                         17                 1    94.12%           8                 1    87.50%          31                 1    96.77%           0                 0         -
libs/core/src/meta/type.cpp                                               47                 0   100.00%           6                 0   100.00%          80                 0   100.00%          32                 0   100.00%
libs/core/src/meta/type_match.cpp                                        224                 5    97.77%         102                 3    97.06%         495                11    97.78%         112                 7    93.75%
libs/core/src/meta/type_registry.cpp                                      88                 5    94.32%          30                 0   100.00%         348                30    91.38%          55                 7    87.27%
libs/core/src/meta/type_visitor.cpp                                       28                 0   100.00%          28                 0   100.00%          28                 0   100.00%           0                 0         -
libs/core/src/meta/unit.cpp                                               55                 3    94.55%          14                 0   100.00%         103                 3    97.09%          48                 5    89.58%
libs/core/src/meta/unit_registry.cpp                                      35                 7    80.00%          11                 0   100.00%         161                37    77.02%          26                 7    73.08%
libs/core/src/meta/utils.h                                                29                 0   100.00%           6                 0   100.00%          50                 0   100.00%          16                 0   100.00%
libs/core/src/meta/var.cpp                                               122                 0   100.00%          76                 0   100.00%         286                27    90.56%          36                 0   100.00%
libs/core/src/meta/variant_traits.cpp                                     17                 1    94.12%           4                 0   100.00%          50                 3    94.00%          10                 2    80.00%
libs/core/src/meta/variant_type.cpp                                       33                 0   100.00%          10                 0   100.00%          61                 0   100.00%          22                 0   100.00%
libs/core/src/obj/callback.cpp                                             4                 0   100.00%           2                 0   100.00%          10                 0   100.00%           2                 1    50.00%
libs/core/src/obj/connection_guard.cpp                                    23                 0   100.00%           7                 0   100.00%          37                 0   100.00%           4                 0   100.00%
libs/core/src/obj/interest.cpp                                            73                 1    98.63%          15                 0   100.00%         181                 3    98.34%          46                 1    97.83%
libs/core/src/obj/native_object.cpp                                      101                 0   100.00%          35                 0   100.00%         315                 0   100.00%          50                 6    88.00%
libs/core/src/obj/native_object_proxy.cpp                                 53                 0   100.00%          24                 0   100.00%         104                 0   100.00%          24                 5    79.17%
libs/core/src/obj/object.cpp                                              13                 0   100.00%           6                 0   100.00%          34                 0   100.00%           6                 0   100.00%
libs/core/src/obj/object_filter.cpp                                      184                 0   100.00%          43                 0   100.00%         423                 0   100.00%         124                13    89.52%
libs/core/src/obj/object_mux.cpp                                          93                 0   100.00%          24                 0   100.00%         247                 0   100.00%          76                 6    92.11%
libs/core/src/obj/object_provider.cpp                                     39                 1    97.44%          20                 1    95.00%         107                 1    99.07%          24                 2    91.67%
libs/core/src/obj/remote_object.cpp                                      167                12    92.81%          35                 2    94.29%         317                23    92.74%          91                16    82.42%
libs/core/src/obj/work_queue.cpp                                          50                 4    92.00%          23                 0   100.00%         102                13    87.25%          22                 6    72.73%
libs/db/include/sen/db/annotation.h                                        1                 1     0.00%           1                 1     0.00%           1                 1     0.00%           0                 0         -
libs/db/include/sen/db/creation.h                                          1                 0   100.00%           1                 0   100.00%           1                 0   100.00%           0                 0         -
libs/db/include/sen/db/cursor.h                                            2                 0   100.00%           1                 0   100.00%           1                 0   100.00%           0                 0         -
libs/db/include/sen/db/event.h                                             1                 0   100.00%           1                 0   100.00%           1                 0   100.00%           0                 0         -
libs/db/include/sen/db/keyframe.h                                          1                 0   100.00%           1                 0   100.00%           1                 0   100.00%           0                 0         -
libs/db/include/sen/db/property_change.h                                   1                 0   100.00%           1                 0   100.00%           1                 0   100.00%           0                 0         -
libs/db/include/sen/db/snapshot.h                                          1                 0   100.00%           1                 0   100.00%           1                 0   100.00%           0                 0         -
libs/db/src/annotation.cpp                                                 8                 0   100.00%           4                 0   100.00%          14                 0   100.00%           2                 1    50.00%
libs/db/src/creation.cpp                                                   3                 0   100.00%           2                 0   100.00%           2                 0   100.00%           0                 0         -
libs/db/src/deletion.cpp                                                   3                 0   100.00%           2                 0   100.00%           2                 0   100.00%           0                 0         -
libs/db/src/event.cpp                                                     14                 1    92.86%           5                 0   100.00%          25                 3    88.00%           6                 2    66.67%
libs/db/src/input.cpp                                                    237                73    69.20%          75                 4    94.67%         761               205    73.06%          95                47    50.53%
libs/db/src/keyframe.cpp                                                   3                 0   100.00%           2                 0   100.00%           2                 0   100.00%           0                 0         -
libs/db/src/output.cpp                                                   136                22    83.82%          57                 7    87.72%         417                56    86.57%          47                15    68.09%
libs/db/src/property_change.cpp                                           10                 0   100.00%           5                 0   100.00%          15                 0   100.00%           2                 1    50.00%
libs/db/src/snapshot.cpp                                                  30                 4    86.67%           9                 0   100.00%          64                17    73.44%          12                 4    66.67%
libs/db/src/util.cpp                                                      38                 9    76.32%          10                 1    90.00%         124                26    79.03%          24                 6    75.00%
libs/db/src/util.h                                                         4                 0   100.00%           4                 0   100.00%          26                 0   100.00%           0                 0         -
libs/gen/src/common/type_storage.cpp                                     277                28    89.89%          87                 8    90.80%         950                69    92.74%         220                35    84.09%
libs/gen/src/common/type_storage.h                                        16                 1    93.75%           4                 0   100.00%          26                 7    73.08%           4                 1    75.00%
libs/gen/src/common/util.cpp                                              67                 0   100.00%          25                 0   100.00%         160                 0   100.00%          36                 1    97.22%
libs/gen/src/common/util.h                                                 2                 0   100.00%           2                 0   100.00%          10                 0   100.00%           0                 0         -
libs/gen/src/cpp/cpp_generator.cpp                                        65                 6    90.77%          25                 1    96.00%         204                16    92.16%          40                11    72.50%
libs/gen/src/cpp/cpp_templates.cpp                                         5                 0   100.00%           5                 0   100.00%          34                 0   100.00%           0                 0         -
libs/gen/src/json/json_generator.cpp                                     107                19    82.24%          31                 1    96.77%         274                60    78.10%          68                21    69.12%
libs/gen/src/json/json_templates.cpp                                       1                 0   100.00%           1                 0   100.00%          13                 0   100.00%           0                 0         -
libs/gen/src/mkdocs/classdoc_tree.cpp                                     19                19     0.00%           6                 6     0.00%          28                28     0.00%           8                 8     0.00%
libs/gen/src/mkdocs/classdoc_tree.h                                        1                 1     0.00%           1                 1     0.00%           1                 1     0.00%           0                 0         -
libs/gen/src/mkdocs/mkdocs_generator.cpp                                 123               123     0.00%          32                32     0.00%         368               368     0.00%          76                76     0.00%
libs/gen/src/mkdocs/mkdocs_templates.cpp                                   1                 1     0.00%           1                 1     0.00%          13                13     0.00%           0                 0         -
libs/gen/src/plantuml/plantuml_generator.cpp                              45                45     0.00%          19                19     0.00%          97                97     0.00%          20                20     0.00%
libs/gen/src/plantuml/plantuml_templates.cpp                               1                 1     0.00%           1                 1     0.00%           8                 8     0.00%           0                 0         -
libs/gen/src/python/python_generator.cpp                                  35                35     0.00%          20                20     0.00%          85                85     0.00%          12                12     0.00%
libs/gen/src/python/python_templates.cpp                                   1                 1     0.00%           1                 1     0.00%          12                12     0.00%           0                 0         -
libs/gen/src/typescript/typescript_generator.cpp                          75                 4    94.67%          21                 1    95.24%         196                21    89.29%          56                 5    91.07%
libs/gen/src/typescript/typescript_templates.cpp                           2                 0   100.00%           2                 0   100.00%          15                 0   100.00%           0                 0         -
libs/kernel/include/sen/kernel/component.h                                24                 4    83.33%          17                 2    88.24%          42                 8    80.95%           4                 2    50.00%
libs/kernel/include/sen/kernel/component_api.h                             5                 5     0.00%           4                 4     0.00%          20                20     0.00%           0                 0         -
libs/kernel/include/sen/kernel/kernel_config.h                             6                 1    83.33%           6                 1    83.33%           6                 1    83.33%           0                 0         -
libs/kernel/include/sen/kernel/source_info.h                               2                 0   100.00%           2                 0   100.00%           2                 0   100.00%           0                 0         -
libs/kernel/include/sen/kernel/test_kernel.h                               1                 0   100.00%           1                 0   100.00%           1                 0   100.00%           0                 0         -
libs/kernel/include/sen/kernel/tracer.h                                    5                 0   100.00%           5                 0   100.00%           8                 0   100.00%           0                 0         -
libs/kernel/include/sen/kernel/transport.h                                 6                 2    66.67%           6                 2    66.67%          14                10    28.57%           0                 0         -
libs/kernel/src/bootloader.cpp                                           158                40    74.68%          31                 1    96.77%         448               133    70.31%         114                43    62.28%
libs/kernel/src/bus/bus.cpp                                               80                20    75.00%          20                 3    85.00%         248                50    79.84%          72                21    70.83%
libs/kernel/src/bus/bus.h                                                  2                 0   100.00%           2                 0   100.00%           2                 0   100.00%           0                 0         -
libs/kernel/src/bus/containers.h                                          77                 5    93.51%          35                 1    97.14%         156                16    89.74%          42                 9    78.57%
libs/kernel/src/bus/generic_remote_object.cpp                             83                64    22.89%          18                13    27.78%         199               145    27.14%          59                45    23.73%
libs/kernel/src/bus/local_participant.cpp                                139                39    71.94%          33                 6    81.82%         419               107    74.46%          92                38    58.70%
libs/kernel/src/bus/local_participant.h                                    9                 3    66.67%           9                 3    66.67%          27                17    37.04%           0                 0         -
libs/kernel/src/bus/participant.h                                          2                 0   100.00%           2                 0   100.00%           2                 0   100.00%           0                 0         -
libs/kernel/src/bus/proxy_manager.cpp                                     52                 6    88.46%          14                 1    92.86%         160                17    89.38%          32                 8    75.00%
libs/kernel/src/bus/proxy_manager.h                                       10                 2    80.00%          10                 2    80.00%          34                 8    76.47%           0                 0         -
libs/kernel/src/bus/remote_interest_handler.h                             56                 6    89.29%          21                 1    95.24%         146                18    87.67%          30                 9    70.00%
libs/kernel/src/bus/remote_interest_manager.cpp                          100                13    87.00%          18                 2    88.89%         290                36    87.59%          64                17    73.44%
libs/kernel/src/bus/remote_interest_manager.h                             18                 0   100.00%          14                 0   100.00%          42                 0   100.00%           2                 1    50.00%
libs/kernel/src/bus/remote_participant.cpp                               559               143    74.42%         104                19    81.73%        1730               415    76.01%         407               142    65.11%
libs/kernel/src/bus/remote_participant.h                                  14                 2    85.71%          13                 2    84.62%          13                 2    84.62%           0                 0         -
libs/kernel/src/bus/session.cpp                                           70                20    71.43%          23                 2    91.30%         258                62    75.97%          42                20    52.38%
libs/kernel/src/bus/session.h                                              6                 1    83.33%           6                 1    83.33%           6                 1    83.33%           0                 0         -
libs/kernel/src/bus/session_manager.cpp                                   66                14    78.79%          27                 8    70.37%         185                53    71.35%          28                 9    67.86%
libs/kernel/src/bus/session_manager.h                                      1                 0   100.00%           1                 0   100.00%           1                 0   100.00%           0                 0         -
libs/kernel/src/bus/util.h                                                11                 1    90.91%           5                 0   100.00%          41                 3    92.68%           6                 2    66.67%
libs/kernel/src/component_api_impl.cpp                                    83                20    75.90%          49                13    73.47%         124                38    69.35%          10                 5    50.00%
libs/kernel/src/crash_reporter.cpp                                        76                64    15.79%          26                20    23.08%         261               205    21.46%          36                28    22.22%
libs/kernel/src/crash_reporter.h                                           2                 0   100.00%           2                 0   100.00%           2                 0   100.00%           0                 0         -
libs/kernel/src/env_substitution.cpp                                      15                 0   100.00%           1                 0   100.00%          43                 0   100.00%          10                 0   100.00%
libs/kernel/src/executor.cpp                                             112                34    69.64%          15                 1    93.33%         255                95    62.75%          87                36    58.62%
libs/kernel/src/executor.h                                                 2                 1    50.00%           2                 1    50.00%           2                 1    50.00%           0                 0         -
libs/kernel/src/kernel.cpp                                                11                 1    90.91%           8                 1    87.50%          23                 1    95.65%           0                 0         -
libs/kernel/src/kernel_component.cpp                                     128                49    61.72%          31                17    45.16%         294               172    41.50%          86                30    65.12%
libs/kernel/src/kernel_component.h                                         1                 0   100.00%           1                 0   100.00%           1                 0   100.00%           0                 0         -
libs/kernel/src/kernel_config.cpp                                         26                 5    80.77%           8                 0   100.00%          63                20    68.25%          18                 5    72.22%
libs/kernel/src/kernel_impl.cpp                                           78                 6    92.31%          23                 5    78.26%         210                15    92.86%          54                 7    87.04%
libs/kernel/src/kernel_impl.h                                             23                 3    86.96%          10                 2    80.00%          68                20    70.59%          18                 4    77.78%
libs/kernel/src/message_dispatcher.h                                      57                 2    96.49%          18                 1    94.44%          97                 5    94.85%          21                 3    85.71%
libs/kernel/src/operating_system.h                                         3                 1    66.67%           3                 1    66.67%           3                 1    66.67%           0                 0         -
libs/kernel/src/package_manager.cpp                                       51                24    52.94%          10                 0   100.00%          68                28    58.82%          25                13    48.00%
libs/kernel/src/pipeline_component.cpp                                   112                29    74.11%          22                 1    95.45%         261                84    67.82%          72                24    66.67%
libs/kernel/src/plugin_manager.cpp                                        52                14    73.08%          16                 5    68.75%         102                40    60.78%          18                 9    50.00%
libs/kernel/src/posix/posix_api.cpp                                       19                 5    73.68%          19                 5    73.68%          41                 9    78.05%           0                 0         -
libs/kernel/src/posix/posix_api.h                                          2                 0   100.00%           2                 0   100.00%           2                 0   100.00%           0                 0         -
libs/kernel/src/posix/posix_os.cpp                                        49                25    48.98%          11                 5    54.55%          98                60    38.78%          24                16    33.33%
libs/kernel/src/posix/thread_impl.cpp                                     94                16    82.98%          10                 2    80.00%         130                39    70.00%          47                14    70.21%
libs/kernel/src/posix/thread_impl.h                                        4                 1    75.00%           4                 1    75.00%           4                 1    75.00%           0                 0         -
libs/kernel/src/precision_sleeper.h                                       49                 7    85.71%          15                 1    93.33%         113                29    74.34%          24                 6    75.00%
libs/kernel/src/runner.cpp                                               231                61    73.59%          31                 4    87.10%         512               147    71.29%         130                41    68.46%
libs/kernel/src/runner.h                                                  88                 4    95.45%          19                 2    89.47%         116                 8    93.10%          20                 5    75.00%
libs/kernel/src/schedule_cycles.h                                          6                 0   100.00%           1                 0   100.00%           7                 0   100.00%           4                 0   100.00%
libs/kernel/src/source_info.cpp                                           47                 4    91.49%          16                 1    93.75%         101                10    90.10%          32                 5    84.38%
libs/kernel/src/spdlog_config.cpp                                         74                38    48.65%          13                 6    53.85%         272                88    67.65%          66                29    56.06%
libs/kernel/src/test_kernel.cpp                                           39                 7    82.05%          19                 3    84.21%          83                12    85.54%          14                 3    78.57%
libs/kernel/src/tracer.cpp                                                11                 1    90.91%          11                 1    90.91%          13                 1    92.31%           0                 0         -
libs/kernel/src/transport.cpp                                             20                 2    90.00%          11                 1    90.91%          36                 6    83.33%           8                 2    75.00%
libs/kernel/src/type_specs_utils.cpp                                     650               114    82.46%         126                17    86.51%        2732               452    83.46%         542               124    77.12%
libs/kernel/src/util.cpp                                                   8                 0   100.00%           8                 0   100.00%          39                 0   100.00%           0                 0         -
libs/kernel/src/wall_clock.cpp                                            14                 4    71.43%           5                 1    80.00%          34                13    61.76%           6                 3    50.00%
libs/kernel/src/wall_clock.h                                              45                 5    88.89%          11                 0   100.00%          94                12    87.23%          24                 6    75.00%
libs/util/include/sen/util/dr/detail/dead_reckoner_base.h                  8                 5    37.50%           8                 5    37.50%          19                11    42.11%           0                 0         -
libs/util/src/dr/algorithms.cpp                                           33                 9    72.73%           9                 1    88.89%          85                 5    94.12%          16                 8    50.00%
libs/util/src/dr/dead_reckoner_base.cpp                                   25                13    48.00%           9                 4    55.56%          42                16    61.90%          14                11    21.43%
libs/util/src/dr/dead_reckoner_impl.cpp                                   58                24    58.62%          18                 6    66.67%         175                76    56.57%          30                18    40.00%
libs/util/src/dr/mat3.h                                                   28                 0   100.00%          10                 0   100.00%          98                 0   100.00%          16                 1    93.75%
libs/util/src/dr/quat.h                                                   42                41     2.38%          20                19     5.00%         138               135     2.17%          14                14     0.00%
libs/util/src/dr/settable_dead_reckoner_impl.cpp                          10                10     0.00%           6                 6     0.00%          15                15     0.00%           6                 6     0.00%
libs/util/src/dr/utils.cpp                                                52                21    59.62%          34                 9    73.53%         161                29    81.99%          22                18    18.18%
libs/util/src/dr/vec3.h                                                   17                13    23.53%          17                13    23.53%          56                44    21.43%           0                 0         -

Files which contain no functions:
build/clang/Debug/libs/core/include/sen/core/base/version.h                0                 0         -           0                 0         -           0                 0         -           0                 0         -
libs/core/include/sen/core/base/assert.h                                   0                 0         -           0                 0         -           0                 0         -           0                 0         -
libs/core/include/sen/core/base/source_location.h                          0                 0         -           0                 0         -           0                 0         -           0                 0         -
--------------------------------------------------------------------------------------------------------------------------------------------------------------------------------------------------------------------------------
TOTAL                                                                  13854              3200    76.90%        3750               546    85.44%       31906              6742    78.87%        8034              2348    70.77%
